2019-02-12 08:20:39,430 - SELECT column_name, data_type FROM information_schema.columns WHERE table_name = ec_nfcurves ORDER BY ordinal_position ran in 0.12627696991s
2019-02-12 08:25:06,873 - SELECT "ndim", "jacobian_decomp", "cc", "full_auto", "passport_label", "group", "signH", "label", "hyp_involution", "full_label", "eqn", "cinv", "hyperelliptic", "gen_vectors", "total_label", "g0", "dim", "group_order", "cyclic_trigonal", "r", "signature", "genus", "con" FROM "hgcwa_passports" WHERE "genus" = 8 AND "hyperelliptic" = True AND "cc"->1 = '1' ORDER BY "genus", "dim", "cc" LIMIT 1000 ran in 0.199671030045s
2019-02-12 08:25:06,876 - Replicate with db.hgcwa_passports.analyze({'genus': 8, 'hyperelliptic': True, 'cc.1': 1}, 1, 20, 0)
2019-02-19 09:59:33,874 - SELECT column_name, data_type FROM information_schema.columns WHERE table_name = char_dir_values ORDER BY ordinal_position ran in 0.131132125854s
2019-02-19 09:59:44,837 - SELECT "title" FROM kwl_knowls WHERE id = curve.highergenus.aut.refinedpassport ran in 0.14111995697s
2019-02-19 10:19:36,078 - SELECT "ndim", "jacobian_decomp", "cc", "full_auto", "passport_label", "group", "signH", "label", "hyp_involution", "full_label", "eqn", "cinv", "hyperelliptic", "gen_vectors", "total_label", "g0", "dim", "group_order", "cyclic_trigonal", "r", "signature", "genus", "con" FROM "hgcwa_passports" WHERE "genus" = 9 AND "cc"->1 = '1' ORDER BY "genus", "dim", "cc" LIMIT 1000 ran in 1.8962020874s
2019-02-19 10:19:36,081 - Replicate with db.hgcwa_passports.analyze({'genus': 9, 'cc.1': 1}, 1, 20, 0)
2019-02-19 10:19:39,398 - SELECT "perfect", "abelian", "derived_group", "exponent", "name", "cyclic", "simple", "center", "maximal_subgroups", "abelian_quotient", "label", "pretty", "normal_subgroups", "solvable", "order", "clases" FROM "gps_small" WHERE "label" = 48.31 LIMIT 1 ran in 0.20187997818s
2019-02-19 10:19:39,555 - SELECT "perfect", "abelian", "derived_group", "exponent", "name", "cyclic", "simple", "center", "maximal_subgroups", "abelian_quotient", "label", "pretty", "normal_subgroups", "solvable", "order", "clases" FROM "gps_small" WHERE "label" = 192.194 LIMIT 1 ran in 0.127249956131s
2019-02-19 10:19:45,686 - SELECT "ndim", "jacobian_decomp", "cc", "full_auto", "passport_label", "group", "signH", "label", "hyp_involution", "full_label", "eqn", "cinv", "hyperelliptic", "gen_vectors", "total_label", "g0", "dim", "group_order", "cyclic_trigonal", "r", "signature", "genus", "con" FROM "hgcwa_passports" WHERE "label" = 9.48-31.0.3-4-12 ORDER BY "genus", "dim", "cc" ran in 0.113582134247s
2019-02-19 10:19:45,686 - Replicate with db.hgcwa_passports.analyze({'label': '9.48-31.0.3-4-12'}, 1, None, 0)
2019-02-26 08:25:42,127 - SELECT column_name, data_type FROM information_schema.columns WHERE table_name = inv_fields_auto ORDER BY ordinal_position ran in 0.120362997055s
2019-02-26 08:26:04,171 - SELECT column_name, data_type FROM information_schema.columns WHERE table_name = mf_subspaces ORDER BY ordinal_position ran in 0.301822900772s
2019-02-26 08:26:17,168 - SELECT column_name, data_type FROM information_schema.columns WHERE table_name = mf_subspaces ORDER BY ordinal_position ran in 0.28707408905s
2019-02-26 08:29:14,223 - SELECT "ndim", "jacobian_decomp", "cc", "full_auto", "passport_label", "group", "signH", "label", "hyp_involution", "full_label", "eqn", "cinv", "hyperelliptic", "gen_vectors", "total_label", "g0", "dim", "group_order", "cyclic_trigonal", "r", "signature", "genus", "con" FROM "hgcwa_passports" WHERE "genus" = 2 ORDER BY "genus", "dim", "cc" LIMIT 1000 ran in 0.3508040905s
2019-02-26 08:29:14,225 - Replicate with db.hgcwa_passports.analyze({'genus': 2}, 1, 4, 0)
2019-02-26 10:05:26,337 - SELECT "ndim", "jacobian_decomp", "cc", "full_auto", "passport_label", "group", "signH", "label", "hyp_involution", "full_label", "eqn", "cinv", "hyperelliptic", "gen_vectors", "total_label", "g0", "dim", "group_order", "cyclic_trigonal", "r", "signature", "genus", "con" FROM "hgcwa_passports" WHERE "genus" = 2 ORDER BY "genus", "dim", "cc" LIMIT 1000 ran in 0.510303974152s
2019-02-26 10:05:26,341 - Replicate with db.hgcwa_passports.analyze({'genus': 2}, 1, 4, 0)
2019-02-26 10:16:38,556 - SELECT "id" FROM "hgcwa_passports" WHERE "genus" = 6 ORDER BY "genus", "dim", "cc" LIMIT 1000 ran in 0.388659000397s
2019-02-26 10:16:38,559 - Replicate with db.hgcwa_passports.analyze({'genus': 6}, ['id'], 10, 0)
2019-02-26 10:17:01,318 - SELECT "ndim", "jacobian_decomp", "cc", "full_auto", "passport_label", "group", "signH", "label", "hyp_involution", "full_label", "eqn", "cinv", "hyperelliptic", "gen_vectors", "total_label", "g0", "dim", "group_order", "cyclic_trigonal", "r", "signature", "genus", "con" FROM "hgcwa_passports" WHERE "genus" = 6 ORDER BY "genus", "dim", "cc" LIMIT 1000 ran in 0.436574935913s
2019-02-26 10:17:01,319 - Replicate with db.hgcwa_passports.analyze({'genus': 6}, 1, 5, 0)
2019-02-26 10:19:18,485 - SELECT "id", "genus" FROM "hgcwa_passports" WHERE "genus" = 4 ORDER BY "genus", "dim", "cc" LIMIT 1000 ran in 0.465592861176s
2019-02-26 10:19:18,486 - Replicate with db.hgcwa_passports.analyze({'genus': 4}, ['id', 'genus'], 10, 0)
2019-03-05 07:15:41,115 - SELECT column_name, data_type FROM information_schema.columns WHERE table_name = hecke_orbits ORDER BY ordinal_position ran in 0.971943855286s
2019-03-05 07:15:41,666 - SELECT column_name, data_type FROM information_schema.columns WHERE table_name = hmf_fields ORDER BY ordinal_position ran in 0.279870986938s
2019-03-05 07:15:43,160 - SELECT column_name, data_type FROM information_schema.columns WHERE table_name = mwf_coeffs ORDER BY ordinal_position ran in 0.998558044434s
2019-03-05 07:15:44,138 - SELECT column_name, data_type FROM information_schema.columns WHERE table_name = nf_fields_extras ORDER BY ordinal_position ran in 0.10781288147s
2019-03-05 07:20:04,802 - SELECT "ndim", "jacobian_decomp", "cc", "full_auto", "passport_label", "group", "signH", "label", "hyp_involution", "full_label", "eqn", "cinv", "hyperelliptic", "gen_vectors", "total_label", "g0", "dim", "group_order", "cyclic_trigonal", "r", "signature", "genus", "con" FROM "hgcwa_passports" WHERE "genus" = 2 ORDER BY "genus", "dim", "cc" ran in 0.196174860001s
2019-03-05 07:20:04,806 - Replicate with db.hgcwa_passports.analyze({'genus': 2}, 1, None, 0)
2019-03-05 07:20:30,273 - SELECT "ndim", "jacobian_decomp", "cc", "full_auto", "passport_label", "group", "signH", "label", "hyp_involution", "full_label", "eqn", "cinv", "hyperelliptic", "gen_vectors", "total_label", "g0", "dim", "group_order", "cyclic_trigonal", "r", "signature", "genus", "con" FROM "hgcwa_passports" WHERE "genus" = 2 ORDER BY "genus", "dim", "cc" ran in 0.169919013977s
2019-03-05 07:20:30,276 - Replicate with db.hgcwa_passports.analyze({'genus': 2}, 1, None, 0)
2019-03-05 07:54:50,407 - SELECT DISTINCT "label" FROM "hgcwa_passports" ORDER BY "label" ran in 0.522562980652s
2019-03-05 07:55:38,992 - SELECT DISTINCT "genus" FROM "hgcwa_passports" ORDER BY "genus" ran in 0.429811954498s
2019-03-05 08:01:41,644 - SELECT DISTINCT "label" FROM "hgcwa_passports" ORDER BY "label" ran in 0.724308013916s
2019-03-05 08:10:19,158 - SELECT column_name, data_type FROM information_schema.columns WHERE table_name = bmf_forms ORDER BY ordinal_position ran in 0.130697011948s
2019-03-05 08:11:30,625 - SELECT column_name, data_type FROM information_schema.columns WHERE table_name = mwf_plots ORDER BY ordinal_position ran in 0.104996919632s
2019-03-05 08:19:22,590 - SELECT column_name, data_type FROM information_schema.columns WHERE table_name = gps_sato_tate ORDER BY ordinal_position ran in 0.10410284996s
2019-03-05 08:21:31,353 - SELECT "ndim", "jacobian_decomp", "cc", "full_auto", "passport_label", "group", "signH", "label", "hyp_involution", "full_label", "eqn", "cinv", "hyperelliptic", "gen_vectors", "total_label", "g0", "dim", "group_order", "cyclic_trigonal", "r", "signature", "genus", "con" FROM "hgcwa_passports" WHERE "genus" = 2 ORDER BY "genus", "dim", "cc" ran in 0.103481054306s
2019-03-05 08:21:31,356 - Replicate with db.hgcwa_passports.analyze({'genus': 2}, 1, None, 0)
2019-03-05 08:23:06,901 - SELECT column_name, data_type FROM information_schema.columns WHERE table_name = hecke_orbits ORDER BY ordinal_position ran in 0.282100200653s
2019-03-05 08:23:54,365 - SELECT "ndim", "jacobian_decomp", "cc", "full_auto", "passport_label", "group", "signH", "label", "hyp_involution", "full_label", "eqn", "cinv", "hyperelliptic", "gen_vectors", "total_label", "g0", "dim", "group_order", "cyclic_trigonal", "r", "signature", "genus", "con" FROM "hgcwa_passports" WHERE "genus" = 2 ORDER BY "genus", "dim", "cc" ran in 0.128185987473s
2019-03-05 08:23:54,367 - Replicate with db.hgcwa_passports.analyze({'genus': 2}, 1, None, 0)
2019-03-05 08:28:18,916 - SELECT column_name, data_type FROM information_schema.columns WHERE table_name = hecke_algebras ORDER BY ordinal_position ran in 0.13122010231s
2019-03-05 08:29:51,811 - SELECT column_name, data_type FROM information_schema.columns WHERE table_name = inv_dbs ORDER BY ordinal_position ran in 0.107533931732s
2019-03-05 08:30:49,012 - SELECT column_name, data_type FROM information_schema.columns WHERE table_name = inv_ops ORDER BY ordinal_position ran in 0.110877990723s
2019-03-05 08:44:45,688 - SELECT column_name, data_type FROM information_schema.columns WHERE table_name = lfunc_lfunctions ORDER BY ordinal_position ran in 0.108518838882s
2019-03-05 08:51:11,774 - SELECT column_name, data_type FROM information_schema.columns WHERE table_name = g2c_curves ORDER BY ordinal_position ran in 0.116230010986s
2019-03-05 09:02:33,891 - SELECT name, label_col, sort, count_cutoff, id_ordered, out_of_order, has_extras, stats_valid, total FROM meta_tables ran in 0.251414060593s
2019-03-05 09:02:34,173 - SELECT column_name, data_type FROM information_schema.columns WHERE table_name = artin_field_data ORDER BY ordinal_position ran in 0.25318312645s
2019-03-05 09:02:44,431 - SELECT "ndim", "jacobian_decomp", "cc", "full_auto", "passport_label", "group", "signH", "label", "hyp_involution", "full_label", "eqn", "cinv", "hyperelliptic", "gen_vectors", "total_label", "g0", "dim", "group_order", "cyclic_trigonal", "r", "signature", "genus", "con" FROM "hgcwa_passports" WHERE "genus" = 2 ORDER BY "genus", "dim", "cc" ran in 0.809466838837s
2019-03-05 09:02:44,433 - Replicate with db.hgcwa_passports.analyze({'genus': 2}, 1, None, 0)
2019-03-05 09:02:44,572 - SELECT "id", "label", "cc", "passport_label", "total_label", "gen_vectors", "group", "signature", "genus" FROM "hgcwa_passports" WHERE "label" = 2.24-3.0.3-3-4 ORDER BY "genus", "dim", "cc" ran in 0.111963033676s
2019-03-05 09:02:44,572 - Replicate with db.hgcwa_passports.analyze({'label': u'2.24-3.0.3-3-4'}, ['label', 'cc', 'passport_label', 'total_label', 'gen_vectors', 'group', 'signature', 'genus', 'id'], None, 0)
2019-03-05 09:03:13,172 - SELECT column_name, data_type FROM information_schema.columns WHERE table_name = mf_newspaces ORDER BY ordinal_position ran in 0.117130041122s
2019-03-05 09:13:13,146 - SELECT name, label_col, sort, count_cutoff, id_ordered, out_of_order, has_extras, stats_valid, total FROM meta_tables ran in 0.209651947021s
2019-03-05 09:13:13,323 - SELECT column_name, data_type FROM information_schema.columns WHERE table_name = artin_field_data ORDER BY ordinal_position ran in 0.151270866394s
2019-03-05 09:13:24,049 - SELECT "ndim", "jacobian_decomp", "cc", "full_auto", "passport_label", "group", "signH", "label", "hyp_involution", "full_label", "eqn", "cinv", "hyperelliptic", "gen_vectors", "total_label", "g0", "dim", "group_order", "cyclic_trigonal", "r", "signature", "genus", "con" FROM "hgcwa_passports" WHERE "genus" = 2 ORDER BY "genus", "dim", "cc" ran in 0.665441989899s
2019-03-05 09:13:24,051 - Replicate with db.hgcwa_passports.analyze({'genus': 2}, 1, None, 0)
2019-03-05 09:16:05,433 - SELECT column_name, data_type FROM information_schema.columns WHERE table_name = mwfp_forms ORDER BY ordinal_position ran in 0.132681846619s
2019-03-05 09:16:12,543 - SELECT "ndim", "jacobian_decomp", "cc", "full_auto", "passport_label", "group", "signH", "label", "hyp_involution", "full_label", "eqn", "cinv", "hyperelliptic", "gen_vectors", "total_label", "g0", "dim", "group_order", "cyclic_trigonal", "r", "signature", "genus", "con" FROM "hgcwa_passports" WHERE "genus" = 2 ORDER BY "genus", "dim", "cc" ran in 0.143970012665s
2019-03-05 09:16:12,546 - Replicate with db.hgcwa_passports.analyze({'genus': 2}, 1, None, 0)
2019-03-05 09:16:12,931 - SELECT "id", "label", "cc", "passport_label", "total_label", "gen_vectors", "group", "signature", "genus" FROM "hgcwa_passports" WHERE "label" = 2.6-1.0.2-2-3-3 ORDER BY "genus", "dim", "cc" ran in 0.286856174469s
2019-03-05 09:16:12,932 - Replicate with db.hgcwa_passports.analyze({'label': u'2.6-1.0.2-2-3-3'}, ['label', 'cc', 'passport_label', 'total_label', 'gen_vectors', 'group', 'signature', 'genus', 'id'], None, 0)
2019-03-05 09:21:20,007 - SELECT column_name, data_type FROM information_schema.columns WHERE table_name = smf_fc ORDER BY ordinal_position ran in 0.123844861984s
2019-03-05 09:21:27,182 - SELECT "id", "label", "cc", "passport_label", "total_label", "gen_vectors", "group", "signature", "genus" FROM "hgcwa_passports" WHERE "label" = 2.2-1.0.2-2-2-2-2-2 ORDER BY "genus", "dim", "cc" ran in 0.111820936203s
2019-03-05 09:21:27,184 - Replicate with db.hgcwa_passports.analyze({'label': u'2.2-1.0.2-2-2-2-2-2'}, ['label', 'cc', 'passport_label', 'total_label', 'gen_vectors', 'group', 'signature', 'genus', 'id'], None, 0)
2019-03-05 09:59:48,762 - SELECT "id", "total_label", "label" FROM "hgcwa_passports" WHERE "genus" = 2 ORDER BY "genus", "dim", "cc" ran in 0.114112854004s
2019-03-05 09:59:48,768 - Replicate with db.hgcwa_passports.analyze({'genus': 2}, ['id', 'total_label', 'label'], None, 0)
2019-03-05 10:12:26,887 - SELECT "id", "total_label", "label" FROM "hgcwa_passports" WHERE "id" = 14 ORDER BY "genus", "dim", "cc" ran in 0.140264987946s
2019-03-05 10:12:26,892 - Replicate with db.hgcwa_passports.analyze({'id': 14}, ['id', 'total_label', 'label'], None, 0)
2019-03-12 10:27:57,277 - SELECT column_name, data_type FROM information_schema.columns WHERE table_name = artin_field_data ORDER BY ordinal_position ran in 0.10239315033s
2019-03-12 10:28:02,662 - SELECT column_name, data_type FROM information_schema.columns WHERE table_name = mf_newspace_portraits ORDER BY ordinal_position ran in 0.1148250103s
2019-03-12 10:29:50,686 - SELECT "ndim", "jacobian_decomp", "cc", "full_auto", "passport_label", "group", "signH", "label", "hyp_involution", "full_label", "eqn", "cinv", "hyperelliptic", "gen_vectors", "total_label", "g0", "dim", "group_order", "cyclic_trigonal", "r", "signature", "genus", "con" FROM "hgcwa_passports" WHERE "genus" = 2 ORDER BY "genus", "dim", "cc" ran in 0.128811120987s
2019-03-12 10:29:50,690 - Replicate with db.hgcwa_passports.analyze({'genus': 2}, 1, None, 0)
2019-04-01 23:55:15,872 - SELECT column_name, data_type FROM information_schema.columns WHERE table_name = belyi_galmaps ORDER BY ordinal_position ran in 0.127001047134s
2019-04-01 23:55:17,362 - SELECT column_name, data_type FROM information_schema.columns WHERE table_name = smf_ev ORDER BY ordinal_position ran in 0.12054681778s
2019-04-01 23:55:45,928 - SELECT column_name, data_type FROM information_schema.columns WHERE table_name = mf_hecke_nf ORDER BY ordinal_position ran in 0.101811170578s
2019-04-01 23:57:14,059 - SELECT "genus" FROM "hgcwa_passports" ORDER BY "genus" DESC LIMIT 1 ran in 0.156264066696s
2019-04-01 23:59:49,048 - SELECT column_name, data_type FROM information_schema.columns WHERE table_name = mf_gamma1_portraits ORDER BY ordinal_position ran in 0.11678814888s
